<?xml version="1.0" encoding="UTF-8"?>
<!-- Generated by org.testng.reporters.JUnitReportReporter -->
<testsuite hostname="Raghu-PC" name="com.voteridVerification.practise.copy.JavaToJson" tests="1" failures="0" timestamp="22 Sep 2017 13:29:40 GMT" time="0.093" errors="0">
  <testcase name="convertJavaToJson" time="0.093" classname="com.voteridVerification.practise.copy.JavaToJson"/>
</testsuite> <!-- com.voteridVerification.practise.copy.JavaToJson -->
